<?xml version="1.0" encoding="UTF-8"?>
<!-- Generated by org.testng.reporters.JUnitXMLReporter -->
<testsuite hostname="Home-PC" ignored="0" name="Test" tests="6" failures="0" timestamp="23 Aug 2021 15:10:18 GMT" time="0.376" errors="0">
  <testcase name="IOSApps" time="0.069" classname="qaclickacademy.MavenJava.AppiumTest"/>
  <testcase name="NativeAppAndroid" time="0.004" classname="qaclickacademy.MavenJava.AppiumTest"/>
  <testcase name="BrowserAutomation" time="0.004" classname="qaclickacademy.MavenJava.SeleniumTest"/>
  <testcase name="ElementsUI" time="0.004" classname="qaclickacademy.MavenJava.SeleniumTest"/>
  <testcase name="DeleteTwitter" time="0.003" classname="qaclickacademy.MavenJava.RestAPITest"/>
  <testcase name="PostJira" time="0.004" classname="qaclickacademy.MavenJava.RestAPITest"/>
</testsuite> <!-- Test -->
