<?xml version="1.0" encoding="UTF-8"?>
<!-- Generated by org.testng.reporters.JUnitXMLReporter -->
<testsuite hostname="Home-PC" ignored="0" name="Command line test" tests="6" failures="0" timestamp="2021-08-31T11:27:04 CEST" time="0.877" errors="0">
  <testcase name="IOSApps" time="0.057" classname="qaclickacademy.MavenJava.AppiumTest"/>
  <testcase name="NativeAppAndroid" time="0.0" classname="qaclickacademy.MavenJava.AppiumTest"/>
  <testcase name="DeleteTwitter" time="0.001" classname="qaclickacademy.MavenJava.RestAPITest"/>
  <testcase name="PostJira" time="0.001" classname="qaclickacademy.MavenJava.RestAPITest"/>
  <testcase name="BrowserAutomation" time="0.001" classname="qaclickacademy.MavenJava.SeleniumTest"/>
  <testcase name="ElementsUI" time="0.001" classname="qaclickacademy.MavenJava.SeleniumTest"/>
</testsuite> <!-- Command line test -->
