<?xml version="1.0" encoding="UTF-8"?>
<!-- Generated by org.testng.reporters.JUnitXMLReporter -->
<testsuite hostname="Home-PC" ignored="0" name="Test" tests="6" failures="0" timestamp="2021-08-28T19:44:07 CEST" time="0.23" errors="0">
  <testcase name="IOSApps" time="0.037" classname="qaclickacademy.MavenJava.AppiumTest"/>
  <testcase name="NativeAppAndroid" time="0.002" classname="qaclickacademy.MavenJava.AppiumTest"/>
  <testcase name="BrowserAutomation" time="0.003" classname="qaclickacademy.MavenJava.SeleniumTest"/>
  <testcase name="ElementsUI" time="0.002" classname="qaclickacademy.MavenJava.SeleniumTest"/>
  <testcase name="DeleteTwitter" time="0.002" classname="qaclickacademy.MavenJava.RestAPITest"/>
  <testcase name="PostJira" time="0.001" classname="qaclickacademy.MavenJava.RestAPITest"/>
</testsuite> <!-- Test -->
